{
  "0 debug pnpm:scope": {
    "selected": 1
  },
  "1 error pnpm": {
    "code": "ELIFECYCLE",
    "errno": "ENOENT",
    "syscall": "spawn",
    "file": "sh",
    "pkgid": "@alitajs/vdform@0.0.1-alpha.0",
    "stage": "build",
    "script": "vite build",
    "pkgname": "@alitajs/vdform",
    "err": {
      "name": "pnpm",
      "message": "@alitajs/vdform@0.0.1-alpha.0 build: `vite build`\nspawn ENOENT",
      "code": "ELIFECYCLE",
      "stack": "pnpm: @alitajs/vdform@0.0.1-alpha.0 build: `vite build`\nspawn ENOENT\n    at ChildProcess.<anonymous> (/Users/chenshuhang/.config/yarn/global/node_modules/pnpm/dist/pnpm.cjs:95156:22)\n    at ChildProcess.emit (node:events:390:28)\n    at maybeClose (node:internal/child_process:1064:16)\n    at Process.ChildProcess._handle.onexit (node:internal/child_process:301:5)"
    }
  }
}